
Circuit 1 cell sky130_fd_pr__pfet_01v8 and Circuit 2 cell sky130_fd_pr__pfet_01v8 are black boxes.
Warning: Equate pins:  cell sky130_fd_pr__pfet_01v8 is a placeholder, treated as a black box.
Warning: Equate pins:  cell sky130_fd_pr__pfet_01v8 is a placeholder, treated as a black box.

Subcircuit pins:
Circuit 1: sky130_fd_pr__pfet_01v8         |Circuit 2: sky130_fd_pr__pfet_01v8         
-------------------------------------------|-------------------------------------------
1                                          |1                                          
2                                          |2                                          
3                                          |3                                          
4                                          |4                                          
---------------------------------------------------------------------------------------
Cell pin lists are equivalent.
Device classes sky130_fd_pr__pfet_01v8 and sky130_fd_pr__pfet_01v8 are equivalent.

Circuit 1 cell sky130_fd_pr__nfet_01v8 and Circuit 2 cell sky130_fd_pr__nfet_01v8 are black boxes.
Warning: Equate pins:  cell sky130_fd_pr__nfet_01v8 is a placeholder, treated as a black box.
Warning: Equate pins:  cell sky130_fd_pr__nfet_01v8 is a placeholder, treated as a black box.

Subcircuit pins:
Circuit 1: sky130_fd_pr__nfet_01v8         |Circuit 2: sky130_fd_pr__nfet_01v8         
-------------------------------------------|-------------------------------------------
1                                          |1                                          
2                                          |2                                          
3                                          |3                                          
4                                          |4                                          
---------------------------------------------------------------------------------------
Cell pin lists are equivalent.
Device classes sky130_fd_pr__nfet_01v8 and sky130_fd_pr__nfet_01v8 are equivalent.
Flattening unmatched subcell PMOS_S_55262173_X3_Y1_1774869087 in circuit FIVE_TRANSISTOR_OTA_0 (0)(1 instance)
Flattening unmatched subcell SCM_NMOS_33182518_X10_Y1_1774869088 in circuit FIVE_TRANSISTOR_OTA_0 (0)(1 instance)
Flattening unmatched subcell DCL_PMOS_S_56391010_X3_Y1_1774869085 in circuit FIVE_TRANSISTOR_OTA_0 (0)(1 instance)
Flattening unmatched subcell NMOS_4T_70086367_X5_Y1_1774869086 in circuit FIVE_TRANSISTOR_OTA_0 (0)(2 instances)

Subcircuit summary:
Circuit 1: FIVE_TRANSISTOR_OTA_0           |Circuit 2: five_transistor_ota             
-------------------------------------------|-------------------------------------------
sky130_fd_pr__pfet_01v8 (12->2)            |sky130_fd_pr__pfet_01v8 (2)                
sky130_fd_pr__nfet_01v8 (60->4)            |sky130_fd_pr__nfet_01v8 (4)                
Number of devices: 6                       |Number of devices: 6                       
Number of nets: 8                          |Number of nets: 8                          
---------------------------------------------------------------------------------------
Netlists match uniquely.

Subcircuit pins:
Circuit 1: FIVE_TRANSISTOR_OTA_0           |Circuit 2: five_transistor_ota             
-------------------------------------------|-------------------------------------------
VIP                                        |VIP                                        
VIN                                        |VIN                                        
VSS                                        |VSS                                        
IB                                         |IB                                         
VDD                                        |VDD                                        
VOUT                                       |VOUT                                       
---------------------------------------------------------------------------------------
Cell pin lists are equivalent.
Device classes FIVE_TRANSISTOR_OTA_0 and five_transistor_ota are equivalent.

Final result: Circuits match uniquely.
.
